<?xml version="1.0" encoding="UTF-8"?>
<coverage generated="1700176350770" clover="3.2.0">
  <project timestamp="1700176350770" name="All files">
    <metrics statements="139" coveredstatements="40" conditionals="58" coveredconditionals="12" methods="76" coveredmethods="16" elements="273" coveredelements="68" complexity="0" loc="139" ncloc="139" packages="3" files="12" classes="12"/>
    <package name="src">
      <metrics statements="3" coveredstatements="2" conditionals="4" coveredconditionals="2" methods="2" coveredmethods="1"/>
      <file name="App.tsx" path="/Users/abdullahmaruf/Developer/quizzer_start/src/App.tsx">
        <metrics statements="3" coveredstatements="2" conditionals="4" coveredconditionals="2" methods="2" coveredmethods="1"/>
        <line num="8" count="1" type="stmt"/>
        <line num="10" count="1" type="stmt"/>
        <line num="16" count="0" type="stmt"/>
      </file>
    </package>
    <package name="src.interfaces">
      <metrics statements="0" coveredstatements="0" conditionals="0" coveredconditionals="0" methods="0" coveredmethods="0"/>
      <file name="question.ts" path="/Users/abdullahmaruf/Developer/quizzer_start/src/interfaces/question.ts">
        <metrics statements="0" coveredstatements="0" conditionals="0" coveredconditionals="0" methods="0" coveredmethods="0"/>
      </file>
      <file name="quiz.ts" path="/Users/abdullahmaruf/Developer/quizzer_start/src/interfaces/quiz.ts">
        <metrics statements="0" coveredstatements="0" conditionals="0" coveredconditionals="0" methods="0" coveredmethods="0"/>
      </file>
    </package>
    <package name="src.quizzer">
      <metrics statements="136" coveredstatements="38" conditionals="54" coveredconditionals="10" methods="74" coveredmethods="15"/>
      <file name="AddQuizModal.tsx" path="/Users/abdullahmaruf/Developer/quizzer_start/src/quizzer/AddQuizModal.tsx">
        <metrics statements="14" coveredstatements="6" conditionals="0" coveredconditionals="0" methods="5" coveredmethods="2"/>
        <line num="4" count="2" type="stmt"/>
        <line num="13" count="16" type="stmt"/>
        <line num="14" count="16" type="stmt"/>
        <line num="16" count="16" type="stmt"/>
        <line num="17" count="1" type="stmt"/>
        <line num="18" count="0" type="stmt"/>
        <line num="19" count="0" type="stmt"/>
        <line num="20" count="0" type="stmt"/>
        <line num="23" count="16" type="stmt"/>
        <line num="36" count="0" type="stmt"/>
        <line num="45" count="0" type="stmt"/>
        <line num="53" count="0" type="stmt"/>
        <line num="54" count="0" type="stmt"/>
        <line num="55" count="0" type="stmt"/>
      </file>
      <file name="QuestionEdit.tsx" path="/Users/abdullahmaruf/Developer/quizzer_start/src/quizzer/QuestionEdit.tsx">
        <metrics statements="28" coveredstatements="1" conditionals="14" coveredconditionals="0" methods="15" coveredmethods="0"/>
        <line num="7" count="2" type="stmt"/>
        <line num="22" count="0" type="stmt"/>
        <line num="23" count="0" type="stmt"/>
        <line num="26" count="0" type="stmt"/>
        <line num="27" count="0" type="stmt"/>
        <line num="29" count="0" type="cond" truecount="0" falsecount="2"/>
        <line num="30" count="0" type="stmt"/>
        <line num="38" count="0" type="stmt"/>
        <line num="39" count="0" type="stmt"/>
        <line num="40" count="0" type="stmt"/>
        <line num="43" count="0" type="stmt"/>
        <line num="47" count="0" type="stmt"/>
        <line num="48" count="0" type="stmt"/>
        <line num="49" count="0" type="stmt"/>
        <line num="56" count="0" type="stmt"/>
        <line num="57" count="0" type="stmt"/>
        <line num="58" count="0" type="stmt"/>
        <line num="59" count="0" type="stmt"/>
        <line num="65" count="0" type="stmt"/>
        <line num="82" count="0" type="stmt"/>
        <line num="115" count="0" type="stmt"/>
        <line num="162" count="0" type="stmt"/>
        <line num="175" count="0" type="stmt"/>
        <line num="196" count="0" type="stmt"/>
        <line num="214" count="0" type="stmt"/>
        <line num="223" count="0" type="stmt"/>
        <line num="239" count="0" type="stmt"/>
        <line num="248" count="0" type="stmt"/>
      </file>
      <file name="QuizCard.tsx" path="/Users/abdullahmaruf/Developer/quizzer_start/src/quizzer/QuizCard.tsx">
        <metrics statements="5" coveredstatements="5" conditionals="4" coveredconditionals="3" methods="3" coveredmethods="3"/>
        <line num="7" count="2" type="stmt"/>
        <line num="14" count="80" type="stmt"/>
        <line num="16" count="320" type="cond" truecount="2" falsecount="0"/>
        <line num="19" count="80" type="stmt"/>
        <line num="25" count="10" type="stmt"/>
      </file>
      <file name="QuizEdit.tsx" path="/Users/abdullahmaruf/Developer/quizzer_start/src/quizzer/QuizEdit.tsx">
        <metrics statements="25" coveredstatements="1" conditionals="6" coveredconditionals="0" methods="15" coveredmethods="0"/>
        <line num="9" count="2" type="stmt"/>
        <line num="17" count="0" type="stmt"/>
        <line num="19" count="0" type="stmt"/>
        <line num="20" count="0" type="stmt"/>
        <line num="22" count="0" type="cond" truecount="0" falsecount="2"/>
        <line num="26" count="0" type="stmt"/>
        <line num="27" count="0" type="stmt"/>
        <line num="29" count="0" type="stmt"/>
        <line num="33" count="0" type="stmt"/>
        <line num="34" count="0" type="stmt"/>
        <line num="37" count="0" type="stmt"/>
        <line num="38" count="0" type="stmt"/>
        <line num="42" count="0" type="cond" truecount="0" falsecount="2"/>
        <line num="43" count="0" type="cond" truecount="0" falsecount="2"/>
        <line num="44" count="0" type="stmt"/>
        <line num="50" count="0" type="stmt"/>
        <line num="62" count="0" type="stmt"/>
        <line num="79" count="0" type="stmt"/>
        <line num="92" count="0" type="stmt"/>
        <line num="100" count="0" type="stmt"/>
        <line num="116" count="0" type="stmt"/>
        <line num="142" count="0" type="stmt"/>
        <line num="143" count="0" type="stmt"/>
        <line num="155" count="0" type="stmt"/>
        <line num="156" count="0" type="stmt"/>
      </file>
      <file name="QuizExpanded.tsx" path="/Users/abdullahmaruf/Developer/quizzer_start/src/quizzer/QuizExpanded.tsx">
        <metrics statements="25" coveredstatements="1" conditionals="6" coveredconditionals="0" methods="15" coveredmethods="0"/>
        <line num="9" count="2" type="stmt"/>
        <line num="17" count="0" type="stmt"/>
        <line num="19" count="0" type="stmt"/>
        <line num="20" count="0" type="stmt"/>
        <line num="22" count="0" type="cond" truecount="0" falsecount="2"/>
        <line num="26" count="0" type="stmt"/>
        <line num="27" count="0" type="stmt"/>
        <line num="29" count="0" type="stmt"/>
        <line num="33" count="0" type="stmt"/>
        <line num="34" count="0" type="stmt"/>
        <line num="37" count="0" type="stmt"/>
        <line num="38" count="0" type="stmt"/>
        <line num="42" count="0" type="cond" truecount="0" falsecount="2"/>
        <line num="43" count="0" type="cond" truecount="0" falsecount="2"/>
        <line num="44" count="0" type="stmt"/>
        <line num="50" count="0" type="stmt"/>
        <line num="62" count="0" type="stmt"/>
        <line num="79" count="0" type="stmt"/>
        <line num="92" count="0" type="stmt"/>
        <line num="100" count="0" type="stmt"/>
        <line num="116" count="0" type="stmt"/>
        <line num="142" count="0" type="stmt"/>
        <line num="143" count="0" type="stmt"/>
        <line num="155" count="0" type="stmt"/>
        <line num="156" count="0" type="stmt"/>
      </file>
      <file name="QuizList.tsx" path="/Users/abdullahmaruf/Developer/quizzer_start/src/quizzer/QuizList.tsx">
        <metrics statements="11" coveredstatements="10" conditionals="4" coveredconditionals="4" methods="5" coveredmethods="4"/>
        <line num="8" count="2" type="stmt"/>
        <line num="19" count="26" type="stmt"/>
        <line num="21" count="26" type="stmt"/>
        <line num="22" count="10" type="stmt"/>
        <line num="25" count="26" type="stmt"/>
        <line num="26" count="0" type="stmt"/>
        <line num="29" count="26" type="stmt"/>
        <line num="34" count="80" type="stmt"/>
        <line num="46" count="130" type="cond" truecount="2" falsecount="0"/>
        <line num="47" count="10" type="stmt"/>
        <line num="57" count="120" type="stmt"/>
      </file>
      <file name="QuizQuestion.tsx" path="/Users/abdullahmaruf/Developer/quizzer_start/src/quizzer/QuizQuestion.tsx">
        <metrics statements="10" coveredstatements="0" conditionals="14" coveredconditionals="0" methods="4" coveredmethods="0"/>
        <line num="8" count="0" type="stmt"/>
        <line num="23" count="0" type="stmt"/>
        <line num="24" count="0" type="cond" truecount="0" falsecount="2"/>
        <line num="25" count="0" type="stmt"/>
        <line num="29" count="0" type="stmt"/>
        <line num="30" count="0" type="stmt"/>
        <line num="31" count="0" type="cond" truecount="0" falsecount="2"/>
        <line num="32" count="0" type="stmt"/>
        <line num="36" count="0" type="stmt"/>
        <line num="62" count="0" type="stmt"/>
      </file>
      <file name="QuizView.tsx" path="/Users/abdullahmaruf/Developer/quizzer_start/src/quizzer/QuizView.tsx">
        <metrics statements="5" coveredstatements="4" conditionals="4" coveredconditionals="3" methods="2" coveredmethods="1"/>
        <line num="8" count="2" type="stmt"/>
        <line num="16" count="10" type="stmt"/>
        <line num="18" count="10" type="stmt"/>
        <line num="19" count="0" type="stmt"/>
        <line num="22" count="10" type="stmt"/>
      </file>
      <file name="Quizzer.tsx" path="/Users/abdullahmaruf/Developer/quizzer_start/src/quizzer/Quizzer.tsx">
        <metrics statements="13" coveredstatements="10" conditionals="2" coveredconditionals="0" methods="10" coveredmethods="5"/>
        <line num="10" count="2" type="stmt"/>
        <line num="11" count="10" type="stmt"/>
        <line num="14" count="40" type="stmt"/>
        <line num="23" count="2" type="stmt"/>
        <line num="24" count="17" type="stmt"/>
        <line num="25" count="16" type="stmt"/>
        <line num="28" count="0" type="stmt"/>
        <line num="29" count="0" type="cond" truecount="0" falsecount="2"/>
        <line num="34" count="1" type="stmt"/>
        <line num="38" count="0" type="stmt"/>
        <line num="41" count="16" type="stmt"/>
        <line num="42" count="16" type="stmt"/>
        <line num="44" count="16" type="stmt"/>
      </file>
    </package>
  </project>
</coverage>
