{"/Users/abdullahmaruf/Developer/quizzer_start/src/App.tsx": {"path":"/Users/abdullahmaruf/Developer/quizzer_start/src/App.tsx","statementMap":{"0":{"start":{"line":8,"column":34},"end":{"line":8,"column":57}},"1":{"start":{"line":10,"column":4},"end":{"line":26,"column":6}},"2":{"start":{"line":16,"column":24},"end":{"line":16,"column":45}}},"fnMap":{"0":{"name":"App","decl":{"start":{"line":7,"column":9},"end":{"line":7,"column":12}},"loc":{"start":{"line":7,"column":28},"end":{"line":27,"column":1}},"line":7},"1":{"name":"(anonymous_1)","decl":{"start":{"line":15,"column":29},"end":{"line":15,"column":30}},"loc":{"start":{"line":15,"column":35},"end":{"line":17,"column":21}},"line":15}},"branchMap":{"0":{"loc":{"start":{"line":19,"column":21},"end":{"line":19,"column":50}},"type":"cond-expr","locations":[{"start":{"line":19,"column":31},"end":{"line":19,"column":40}},{"start":{"line":19,"column":43},"end":{"line":19,"column":50}}],"line":19},"1":{"loc":{"start":{"line":22,"column":35},"end":{"line":22,"column":61}},"type":"cond-expr","locations":[{"start":{"line":22,"column":45},"end":{"line":22,"column":52}},{"start":{"line":22,"column":55},"end":{"line":22,"column":61}}],"line":22}},"s":{"0":1,"1":1,"2":0},"f":{"0":1,"1":0},"b":{"0":[1,0],"1":[1,0]},"_coverageSchema":"1a1c01bbd47fc00a2c39e90264f33305004495a9","hash":"f2f1ebdc56ddbb5810816d8fe36e78589c9395fb"}
,"/Users/abdullahmaruf/Developer/quizzer_start/src/interfaces/question.ts": {"path":"/Users/abdullahmaruf/Developer/quizzer_start/src/interfaces/question.ts","statementMap":{},"fnMap":{},"branchMap":{},"s":{},"f":{},"b":{}}
,"/Users/abdullahmaruf/Developer/quizzer_start/src/interfaces/quiz.ts": {"path":"/Users/abdullahmaruf/Developer/quizzer_start/src/interfaces/quiz.ts","statementMap":{},"fnMap":{},"branchMap":{},"s":{},"f":{},"b":{}}
,"/Users/abdullahmaruf/Developer/quizzer_start/src/quizzer/AddQuizModal.tsx": {"path":"/Users/abdullahmaruf/Developer/quizzer_start/src/quizzer/AddQuizModal.tsx","statementMap":{"0":{"start":{"line":4,"column":28},"end":{"line":67,"column":1}},"1":{"start":{"line":13,"column":30},"end":{"line":13,"column":62}},"2":{"start":{"line":14,"column":28},"end":{"line":14,"column":67}},"3":{"start":{"line":16,"column":24},"end":{"line":21,"column":5}},"4":{"start":{"line":17,"column":8},"end":{"line":17,"column":29}},"5":{"start":{"line":18,"column":8},"end":{"line":18,"column":33}},"6":{"start":{"line":19,"column":8},"end":{"line":19,"column":39}},"7":{"start":{"line":20,"column":8},"end":{"line":20,"column":22}},"8":{"start":{"line":23,"column":4},"end":{"line":66,"column":6}},"9":{"start":{"line":36,"column":33},"end":{"line":36,"column":57}},"10":{"start":{"line":45,"column":33},"end":{"line":45,"column":56}},"11":{"start":{"line":53,"column":28},"end":{"line":53,"column":53}},"12":{"start":{"line":54,"column":28},"end":{"line":54,"column":59}},"13":{"start":{"line":55,"column":28},"end":{"line":55,"column":42}}},"fnMap":{"0":{"name":"(anonymous_0)","decl":{"start":{"line":4,"column":28},"end":{"line":4,"column":29}},"loc":{"start":{"line":12,"column":6},"end":{"line":67,"column":1}},"line":12},"1":{"name":"(anonymous_1)","decl":{"start":{"line":16,"column":24},"end":{"line":16,"column":25}},"loc":{"start":{"line":16,"column":30},"end":{"line":21,"column":5}},"line":16},"2":{"name":"(anonymous_2)","decl":{"start":{"line":34,"column":38},"end":{"line":34,"column":39}},"loc":{"start":{"line":36,"column":33},"end":{"line":36,"column":57}},"line":36},"3":{"name":"(anonymous_3)","decl":{"start":{"line":43,"column":38},"end":{"line":43,"column":39}},"loc":{"start":{"line":45,"column":33},"end":{"line":45,"column":56}},"line":45},"4":{"name":"(anonymous_4)","decl":{"start":{"line":52,"column":33},"end":{"line":52,"column":34}},"loc":{"start":{"line":52,"column":39},"end":{"line":56,"column":25}},"line":52}},"branchMap":{},"s":{"0":2,"1":16,"2":16,"3":16,"4":1,"5":0,"6":0,"7":0,"8":16,"9":0,"10":0,"11":0,"12":0,"13":0},"f":{"0":16,"1":1,"2":0,"3":0,"4":0},"b":{},"_coverageSchema":"1a1c01bbd47fc00a2c39e90264f33305004495a9","hash":"5486753e739dfb002d31ae1adf9bc81d6e612e1e"}
,"/Users/abdullahmaruf/Developer/quizzer_start/src/quizzer/QuestionEdit.tsx": {"path":"/Users/abdullahmaruf/Developer/quizzer_start/src/quizzer/QuestionEdit.tsx","statementMap":{"0":{"start":{"line":7,"column":28},"end":{"line":257,"column":1}},"1":{"start":{"line":22,"column":19},"end":{"line":24,"column":5}},"2":{"start":{"line":23,"column":50},"end":{"line":23,"column":73}},"3":{"start":{"line":26,"column":29},"end":{"line":36,"column":5}},"4":{"start":{"line":27,"column":8},"end":{"line":27,"column":13}},"5":{"start":{"line":29,"column":12},"end":{"line":29,"column":71}},"6":{"start":{"line":30,"column":8},"end":{"line":35,"column":11}},"7":{"start":{"line":38,"column":25},"end":{"line":41,"column":5}},"8":{"start":{"line":39,"column":5},"end":{"line":39,"column":47}},"9":{"start":{"line":40,"column":8},"end":{"line":40,"column":44}},"10":{"start":{"line":43,"column":31},"end":{"line":54,"column":5}},"11":{"start":{"line":47,"column":27},"end":{"line":47,"column":48}},"12":{"start":{"line":48,"column":8},"end":{"line":48,"column":48}},"13":{"start":{"line":49,"column":8},"end":{"line":53,"column":11}},"14":{"start":{"line":56,"column":30},"end":{"line":63,"column":5}},"15":{"start":{"line":57,"column":20},"end":{"line":57,"column":44}},"16":{"start":{"line":58,"column":8},"end":{"line":58,"column":15}},"17":{"start":{"line":59,"column":8},"end":{"line":62,"column":11}},"18":{"start":{"line":65,"column":4},"end":{"line":256,"column":6}},"19":{"start":{"line":82,"column":36},"end":{"line":85,"column":39}},"20":{"start":{"line":115,"column":40},"end":{"line":118,"column":43}},"21":{"start":{"line":162,"column":44},"end":{"line":165,"column":47}},"22":{"start":{"line":175,"column":44},"end":{"line":202,"column":50}},"23":{"start":{"line":196,"column":56},"end":{"line":199,"column":58}},"24":{"start":{"line":214,"column":32},"end":{"line":214,"column":63}},"25":{"start":{"line":223,"column":32},"end":{"line":223,"column":63}},"26":{"start":{"line":239,"column":28},"end":{"line":242,"column":31}},"27":{"start":{"line":248,"column":28},"end":{"line":248,"column":56}}},"fnMap":{"0":{"name":"(anonymous_0)","decl":{"start":{"line":7,"column":28},"end":{"line":7,"column":29}},"loc":{"start":{"line":21,"column":6},"end":{"line":257,"column":1}},"line":21},"1":{"name":"(anonymous_1)","decl":{"start":{"line":23,"column":35},"end":{"line":23,"column":36}},"loc":{"start":{"line":23,"column":50},"end":{"line":23,"column":73}},"line":23},"2":{"name":"(anonymous_2)","decl":{"start":{"line":26,"column":29},"end":{"line":26,"column":30}},"loc":{"start":{"line":26,"column":73},"end":{"line":36,"column":5}},"line":26},"3":{"name":"(anonymous_3)","decl":{"start":{"line":38,"column":25},"end":{"line":38,"column":26}},"loc":{"start":{"line":38,"column":69},"end":{"line":41,"column":5}},"line":38},"4":{"name":"(anonymous_4)","decl":{"start":{"line":43,"column":31},"end":{"line":43,"column":32}},"loc":{"start":{"line":46,"column":9},"end":{"line":54,"column":5}},"line":46},"5":{"name":"(anonymous_5)","decl":{"start":{"line":56,"column":30},"end":{"line":56,"column":31}},"loc":{"start":{"line":56,"column":74},"end":{"line":63,"column":5}},"line":56},"6":{"name":"(anonymous_6)","decl":{"start":{"line":79,"column":42},"end":{"line":79,"column":43}},"loc":{"start":{"line":81,"column":37},"end":{"line":86,"column":33}},"line":81},"7":{"name":"(anonymous_7)","decl":{"start":{"line":112,"column":46},"end":{"line":112,"column":47}},"loc":{"start":{"line":114,"column":41},"end":{"line":119,"column":37}},"line":114},"8":{"name":"(anonymous_8)","decl":{"start":{"line":159,"column":50},"end":{"line":159,"column":51}},"loc":{"start":{"line":161,"column":45},"end":{"line":166,"column":41}},"line":161},"9":{"name":"(anonymous_9)","decl":{"start":{"line":174,"column":40},"end":{"line":174,"column":41}},"loc":{"start":{"line":175,"column":44},"end":{"line":202,"column":50}},"line":175},"10":{"name":"(anonymous_10)","decl":{"start":{"line":193,"column":62},"end":{"line":193,"column":63}},"loc":{"start":{"line":195,"column":57},"end":{"line":200,"column":53}},"line":195},"11":{"name":"(anonymous_11)","decl":{"start":{"line":213,"column":37},"end":{"line":213,"column":38}},"loc":{"start":{"line":213,"column":43},"end":{"line":215,"column":29}},"line":213},"12":{"name":"(anonymous_12)","decl":{"start":{"line":222,"column":37},"end":{"line":222,"column":38}},"loc":{"start":{"line":222,"column":43},"end":{"line":224,"column":29}},"line":222},"13":{"name":"(anonymous_13)","decl":{"start":{"line":238,"column":34},"end":{"line":238,"column":35}},"loc":{"start":{"line":238,"column":78},"end":{"line":243,"column":25}},"line":238},"14":{"name":"(anonymous_14)","decl":{"start":{"line":247,"column":33},"end":{"line":247,"column":34}},"loc":{"start":{"line":247,"column":39},"end":{"line":249,"column":25}},"line":247}},"branchMap":{"0":{"loc":{"start":{"line":29,"column":12},"end":{"line":29,"column":71}},"type":"cond-expr","locations":[{"start":{"line":29,"column":43},"end":{"line":29,"column":44}},{"start":{"line":29,"column":47},"end":{"line":29,"column":71}}],"line":29},"1":{"loc":{"start":{"line":52,"column":22},"end":{"line":52,"column":66}},"type":"cond-expr","locations":[{"start":{"line":52,"column":32},"end":{"line":52,"column":46}},{"start":{"line":52,"column":49},"end":{"line":52,"column":66}}],"line":52},"2":{"loc":{"start":{"line":101,"column":31},"end":{"line":101,"column":63}},"type":"cond-expr","locations":[{"start":{"line":101,"column":55},"end":{"line":101,"column":58}},{"start":{"line":101,"column":61},"end":{"line":101,"column":63}}],"line":101},"3":{"loc":{"start":{"line":117,"column":50},"end":{"line":117,"column":150}},"type":"cond-expr","locations":[{"start":{"line":117,"column":98},"end":{"line":117,"column":124}},{"start":{"line":117,"column":127},"end":{"line":117,"column":150}}],"line":117},"4":{"loc":{"start":{"line":139,"column":29},"end":{"line":151,"column":29}},"type":"binary-expr","locations":[{"start":{"line":139,"column":29},"end":{"line":139,"column":73}},{"start":{"line":140,"column":32},"end":{"line":150,"column":35}}],"line":139},"5":{"loc":{"start":{"line":154,"column":29},"end":{"line":169,"column":29}},"type":"binary-expr","locations":[{"start":{"line":154,"column":29},"end":{"line":154,"column":70}},{"start":{"line":155,"column":32},"end":{"line":168,"column":45}}],"line":154},"6":{"loc":{"start":{"line":170,"column":29},"end":{"line":206,"column":29}},"type":"binary-expr","locations":[{"start":{"line":170,"column":29},"end":{"line":170,"column":73}},{"start":{"line":171,"column":32},"end":{"line":205,"column":45}}],"line":170}},"s":{"0":2,"1":0,"2":0,"3":0,"4":0,"5":0,"6":0,"7":0,"8":0,"9":0,"10":0,"11":0,"12":0,"13":0,"14":0,"15":0,"16":0,"17":0,"18":0,"19":0,"20":0,"21":0,"22":0,"23":0,"24":0,"25":0,"26":0,"27":0},"f":{"0":0,"1":0,"2":0,"3":0,"4":0,"5":0,"6":0,"7":0,"8":0,"9":0,"10":0,"11":0,"12":0,"13":0,"14":0},"b":{"0":[0,0],"1":[0,0],"2":[0,0],"3":[0,0],"4":[0,0],"5":[0,0],"6":[0,0]},"_coverageSchema":"1a1c01bbd47fc00a2c39e90264f33305004495a9","hash":"725bc10a2454b571231895805e975da069860758"}
,"/Users/abdullahmaruf/Developer/quizzer_start/src/quizzer/QuizCard.tsx": {"path":"/Users/abdullahmaruf/Developer/quizzer_start/src/quizzer/QuizCard.tsx","statementMap":{"0":{"start":{"line":7,"column":24},"end":{"line":38,"column":1}},"1":{"start":{"line":14,"column":30},"end":{"line":17,"column":5}},"2":{"start":{"line":16,"column":13},"end":{"line":16,"column":42}},"3":{"start":{"line":19,"column":4},"end":{"line":37,"column":6}},"4":{"start":{"line":25,"column":24},"end":{"line":25,"column":45}}},"fnMap":{"0":{"name":"(anonymous_0)","decl":{"start":{"line":7,"column":24},"end":{"line":7,"column":25}},"loc":{"start":{"line":13,"column":6},"end":{"line":38,"column":1}},"line":13},"1":{"name":"(anonymous_1)","decl":{"start":{"line":15,"column":8},"end":{"line":15,"column":9}},"loc":{"start":{"line":16,"column":13},"end":{"line":16,"column":42}},"line":16},"2":{"name":"(anonymous_2)","decl":{"start":{"line":24,"column":29},"end":{"line":24,"column":30}},"loc":{"start":{"line":24,"column":35},"end":{"line":26,"column":21}},"line":24}},"branchMap":{"0":{"loc":{"start":{"line":16,"column":13},"end":{"line":16,"column":42}},"type":"binary-expr","locations":[{"start":{"line":16,"column":13},"end":{"line":16,"column":27}},{"start":{"line":16,"column":31},"end":{"line":16,"column":42}}],"line":16},"1":{"loc":{"start":{"line":32,"column":21},"end":{"line":32,"column":62}},"type":"cond-expr","locations":[{"start":{"line":32,"column":54},"end":{"line":32,"column":57}},{"start":{"line":32,"column":60},"end":{"line":32,"column":62}}],"line":32}},"s":{"0":2,"1":80,"2":320,"3":80,"4":10},"f":{"0":80,"1":320,"2":10},"b":{"0":[320,272],"1":[80,0]},"_coverageSchema":"1a1c01bbd47fc00a2c39e90264f33305004495a9","hash":"8e149afaaaeb0b42446c3cc8279c10b39f598527"}
,"/Users/abdullahmaruf/Developer/quizzer_start/src/quizzer/QuizEdit.tsx": {"path":"/Users/abdullahmaruf/Developer/quizzer_start/src/quizzer/QuizEdit.tsx","statementMap":{"0":{"start":{"line":9,"column":24},"end":{"line":165,"column":1}},"1":{"start":{"line":17,"column":34},"end":{"line":17,"column":61}},"2":{"start":{"line":19,"column":25},"end":{"line":24,"column":5}},"3":{"start":{"line":20,"column":8},"end":{"line":23,"column":11}},"4":{"start":{"line":22,"column":82},"end":{"line":22,"column":127}},"5":{"start":{"line":26,"column":27},"end":{"line":31,"column":5}},"6":{"start":{"line":27,"column":8},"end":{"line":30,"column":11}},"7":{"start":{"line":29,"column":84},"end":{"line":29,"column":107}},"8":{"start":{"line":33,"column":24},"end":{"line":35,"column":5}},"9":{"start":{"line":34,"column":8},"end":{"line":34,"column":42}},"10":{"start":{"line":37,"column":25},"end":{"line":48,"column":5}},"11":{"start":{"line":38,"column":8},"end":{"line":47,"column":11}},"12":{"start":{"line":42,"column":20},"end":{"line":42,"column":72}},"13":{"start":{"line":42,"column":38},"end":{"line":42,"column":72}},"14":{"start":{"line":43,"column":20},"end":{"line":43,"column":72}},"15":{"start":{"line":43,"column":38},"end":{"line":43,"column":72}},"16":{"start":{"line":44,"column":20},"end":{"line":44,"column":53}},"17":{"start":{"line":50,"column":4},"end":{"line":164,"column":6}},"18":{"start":{"line":62,"column":36},"end":{"line":65,"column":38}},"19":{"start":{"line":79,"column":32},"end":{"line":82,"column":35}},"20":{"start":{"line":92,"column":28},"end":{"line":92,"column":76}},"21":{"start":{"line":100,"column":20},"end":{"line":108,"column":36}},"22":{"start":{"line":116,"column":24},"end":{"line":131,"column":27}},"23":{"start":{"line":142,"column":32},"end":{"line":142,"column":46}},"24":{"start":{"line":143,"column":32},"end":{"line":143,"column":45}},"25":{"start":{"line":155,"column":28},"end":{"line":155,"column":48}},"26":{"start":{"line":156,"column":28},"end":{"line":156,"column":40}}},"fnMap":{"0":{"name":"(anonymous_0)","decl":{"start":{"line":9,"column":24},"end":{"line":9,"column":25}},"loc":{"start":{"line":16,"column":10},"end":{"line":165,"column":1}},"line":16},"1":{"name":"(anonymous_1)","decl":{"start":{"line":19,"column":25},"end":{"line":19,"column":26}},"loc":{"start":{"line":19,"column":72},"end":{"line":24,"column":5}},"line":19},"2":{"name":"(anonymous_2)","decl":{"start":{"line":22,"column":51},"end":{"line":22,"column":52}},"loc":{"start":{"line":22,"column":82},"end":{"line":22,"column":127}},"line":22},"3":{"name":"(anonymous_3)","decl":{"start":{"line":26,"column":27},"end":{"line":26,"column":28}},"loc":{"start":{"line":26,"column":51},"end":{"line":31,"column":5}},"line":26},"4":{"name":"(anonymous_4)","decl":{"start":{"line":29,"column":54},"end":{"line":29,"column":55}},"loc":{"start":{"line":29,"column":84},"end":{"line":29,"column":107}},"line":29},"5":{"name":"(anonymous_5)","decl":{"start":{"line":33,"column":24},"end":{"line":33,"column":25}},"loc":{"start":{"line":33,"column":30},"end":{"line":35,"column":5}},"line":33},"6":{"name":"(anonymous_6)","decl":{"start":{"line":37,"column":25},"end":{"line":37,"column":26}},"loc":{"start":{"line":37,"column":57},"end":{"line":48,"column":5}},"line":37},"7":{"name":"(anonymous_7)","decl":{"start":{"line":41,"column":16},"end":{"line":41,"column":17}},"loc":{"start":{"line":41,"column":56},"end":{"line":45,"column":17}},"line":41},"8":{"name":"(anonymous_8)","decl":{"start":{"line":59,"column":42},"end":{"line":59,"column":43}},"loc":{"start":{"line":62,"column":36},"end":{"line":65,"column":38}},"line":62},"9":{"name":"(anonymous_9)","decl":{"start":{"line":76,"column":38},"end":{"line":76,"column":39}},"loc":{"start":{"line":78,"column":33},"end":{"line":83,"column":29}},"line":78},"10":{"name":"(anonymous_10)","decl":{"start":{"line":91,"column":34},"end":{"line":91,"column":35}},"loc":{"start":{"line":92,"column":28},"end":{"line":92,"column":76}},"line":92},"11":{"name":"(anonymous_11)","decl":{"start":{"line":99,"column":42},"end":{"line":99,"column":43}},"loc":{"start":{"line":100,"column":20},"end":{"line":108,"column":36}},"line":100},"12":{"name":"(anonymous_12)","decl":{"start":{"line":115,"column":29},"end":{"line":115,"column":30}},"loc":{"start":{"line":115,"column":35},"end":{"line":132,"column":21}},"line":115},"13":{"name":"(anonymous_13)","decl":{"start":{"line":141,"column":37},"end":{"line":141,"column":38}},"loc":{"start":{"line":141,"column":43},"end":{"line":144,"column":29}},"line":141},"14":{"name":"(anonymous_14)","decl":{"start":{"line":154,"column":33},"end":{"line":154,"column":34}},"loc":{"start":{"line":154,"column":39},"end":{"line":157,"column":25}},"line":154}},"branchMap":{"0":{"loc":{"start":{"line":22,"column":82},"end":{"line":22,"column":127}},"type":"cond-expr","locations":[{"start":{"line":22,"column":108},"end":{"line":22,"column":119}},{"start":{"line":22,"column":122},"end":{"line":22,"column":127}}],"line":22},"1":{"loc":{"start":{"line":42,"column":20},"end":{"line":42,"column":72}},"type":"if","locations":[{"start":{"line":42,"column":20},"end":{"line":42,"column":72}},{"start":{},"end":{}}],"line":42},"2":{"loc":{"start":{"line":43,"column":20},"end":{"line":43,"column":72}},"type":"if","locations":[{"start":{"line":43,"column":20},"end":{"line":43,"column":72}},{"start":{},"end":{}}],"line":43}},"s":{"0":2,"1":0,"2":0,"3":0,"4":0,"5":0,"6":0,"7":0,"8":0,"9":0,"10":0,"11":0,"12":0,"13":0,"14":0,"15":0,"16":0,"17":0,"18":0,"19":0,"20":0,"21":0,"22":0,"23":0,"24":0,"25":0,"26":0},"f":{"0":0,"1":0,"2":0,"3":0,"4":0,"5":0,"6":0,"7":0,"8":0,"9":0,"10":0,"11":0,"12":0,"13":0,"14":0},"b":{"0":[0,0],"1":[0,0],"2":[0,0]},"_coverageSchema":"1a1c01bbd47fc00a2c39e90264f33305004495a9","hash":"105546dc0832bc943ab14358ec50a96e615a7e61"}
,"/Users/abdullahmaruf/Developer/quizzer_start/src/quizzer/QuizExpanded.tsx": {"path":"/Users/abdullahmaruf/Developer/quizzer_start/src/quizzer/QuizExpanded.tsx","statementMap":{"0":{"start":{"line":9,"column":24},"end":{"line":165,"column":1}},"1":{"start":{"line":17,"column":34},"end":{"line":17,"column":61}},"2":{"start":{"line":19,"column":25},"end":{"line":24,"column":5}},"3":{"start":{"line":20,"column":8},"end":{"line":23,"column":11}},"4":{"start":{"line":22,"column":82},"end":{"line":22,"column":127}},"5":{"start":{"line":26,"column":27},"end":{"line":31,"column":5}},"6":{"start":{"line":27,"column":8},"end":{"line":30,"column":11}},"7":{"start":{"line":29,"column":84},"end":{"line":29,"column":107}},"8":{"start":{"line":33,"column":24},"end":{"line":35,"column":5}},"9":{"start":{"line":34,"column":8},"end":{"line":34,"column":42}},"10":{"start":{"line":37,"column":25},"end":{"line":48,"column":5}},"11":{"start":{"line":38,"column":8},"end":{"line":47,"column":11}},"12":{"start":{"line":42,"column":20},"end":{"line":42,"column":72}},"13":{"start":{"line":42,"column":38},"end":{"line":42,"column":72}},"14":{"start":{"line":43,"column":20},"end":{"line":43,"column":72}},"15":{"start":{"line":43,"column":38},"end":{"line":43,"column":72}},"16":{"start":{"line":44,"column":20},"end":{"line":44,"column":53}},"17":{"start":{"line":50,"column":4},"end":{"line":164,"column":6}},"18":{"start":{"line":62,"column":36},"end":{"line":65,"column":38}},"19":{"start":{"line":79,"column":32},"end":{"line":82,"column":35}},"20":{"start":{"line":92,"column":28},"end":{"line":92,"column":76}},"21":{"start":{"line":100,"column":20},"end":{"line":108,"column":36}},"22":{"start":{"line":116,"column":24},"end":{"line":131,"column":27}},"23":{"start":{"line":142,"column":32},"end":{"line":142,"column":46}},"24":{"start":{"line":143,"column":32},"end":{"line":143,"column":45}},"25":{"start":{"line":155,"column":28},"end":{"line":155,"column":48}},"26":{"start":{"line":156,"column":28},"end":{"line":156,"column":40}}},"fnMap":{"0":{"name":"(anonymous_0)","decl":{"start":{"line":9,"column":24},"end":{"line":9,"column":25}},"loc":{"start":{"line":16,"column":10},"end":{"line":165,"column":1}},"line":16},"1":{"name":"(anonymous_1)","decl":{"start":{"line":19,"column":25},"end":{"line":19,"column":26}},"loc":{"start":{"line":19,"column":72},"end":{"line":24,"column":5}},"line":19},"2":{"name":"(anonymous_2)","decl":{"start":{"line":22,"column":51},"end":{"line":22,"column":52}},"loc":{"start":{"line":22,"column":82},"end":{"line":22,"column":127}},"line":22},"3":{"name":"(anonymous_3)","decl":{"start":{"line":26,"column":27},"end":{"line":26,"column":28}},"loc":{"start":{"line":26,"column":51},"end":{"line":31,"column":5}},"line":26},"4":{"name":"(anonymous_4)","decl":{"start":{"line":29,"column":54},"end":{"line":29,"column":55}},"loc":{"start":{"line":29,"column":84},"end":{"line":29,"column":107}},"line":29},"5":{"name":"(anonymous_5)","decl":{"start":{"line":33,"column":24},"end":{"line":33,"column":25}},"loc":{"start":{"line":33,"column":30},"end":{"line":35,"column":5}},"line":33},"6":{"name":"(anonymous_6)","decl":{"start":{"line":37,"column":25},"end":{"line":37,"column":26}},"loc":{"start":{"line":37,"column":57},"end":{"line":48,"column":5}},"line":37},"7":{"name":"(anonymous_7)","decl":{"start":{"line":41,"column":16},"end":{"line":41,"column":17}},"loc":{"start":{"line":41,"column":56},"end":{"line":45,"column":17}},"line":41},"8":{"name":"(anonymous_8)","decl":{"start":{"line":59,"column":42},"end":{"line":59,"column":43}},"loc":{"start":{"line":62,"column":36},"end":{"line":65,"column":38}},"line":62},"9":{"name":"(anonymous_9)","decl":{"start":{"line":76,"column":38},"end":{"line":76,"column":39}},"loc":{"start":{"line":78,"column":33},"end":{"line":83,"column":29}},"line":78},"10":{"name":"(anonymous_10)","decl":{"start":{"line":91,"column":34},"end":{"line":91,"column":35}},"loc":{"start":{"line":92,"column":28},"end":{"line":92,"column":76}},"line":92},"11":{"name":"(anonymous_11)","decl":{"start":{"line":99,"column":42},"end":{"line":99,"column":43}},"loc":{"start":{"line":100,"column":20},"end":{"line":108,"column":36}},"line":100},"12":{"name":"(anonymous_12)","decl":{"start":{"line":115,"column":29},"end":{"line":115,"column":30}},"loc":{"start":{"line":115,"column":35},"end":{"line":132,"column":21}},"line":115},"13":{"name":"(anonymous_13)","decl":{"start":{"line":141,"column":37},"end":{"line":141,"column":38}},"loc":{"start":{"line":141,"column":43},"end":{"line":144,"column":29}},"line":141},"14":{"name":"(anonymous_14)","decl":{"start":{"line":154,"column":33},"end":{"line":154,"column":34}},"loc":{"start":{"line":154,"column":39},"end":{"line":157,"column":25}},"line":154}},"branchMap":{"0":{"loc":{"start":{"line":22,"column":82},"end":{"line":22,"column":127}},"type":"cond-expr","locations":[{"start":{"line":22,"column":108},"end":{"line":22,"column":119}},{"start":{"line":22,"column":122},"end":{"line":22,"column":127}}],"line":22},"1":{"loc":{"start":{"line":42,"column":20},"end":{"line":42,"column":72}},"type":"if","locations":[{"start":{"line":42,"column":20},"end":{"line":42,"column":72}},{"start":{},"end":{}}],"line":42},"2":{"loc":{"start":{"line":43,"column":20},"end":{"line":43,"column":72}},"type":"if","locations":[{"start":{"line":43,"column":20},"end":{"line":43,"column":72}},{"start":{},"end":{}}],"line":43}},"s":{"0":2,"1":0,"2":0,"3":0,"4":0,"5":0,"6":0,"7":0,"8":0,"9":0,"10":0,"11":0,"12":0,"13":0,"14":0,"15":0,"16":0,"17":0,"18":0,"19":0,"20":0,"21":0,"22":0,"23":0,"24":0,"25":0,"26":0},"f":{"0":0,"1":0,"2":0,"3":0,"4":0,"5":0,"6":0,"7":0,"8":0,"9":0,"10":0,"11":0,"12":0,"13":0,"14":0},"b":{"0":[0,0],"1":[0,0],"2":[0,0]},"_coverageSchema":"1a1c01bbd47fc00a2c39e90264f33305004495a9","hash":"92c1b7188a3288c5b52594f0ad34d91d01e78cc6"}
,"/Users/abdullahmaruf/Developer/quizzer_start/src/quizzer/QuizList.tsx": {"path":"/Users/abdullahmaruf/Developer/quizzer_start/src/quizzer/QuizList.tsx","statementMap":{"0":{"start":{"line":8,"column":24},"end":{"line":62,"column":1}},"1":{"start":{"line":19,"column":38},"end":{"line":19,"column":67}},"2":{"start":{"line":21,"column":27},"end":{"line":23,"column":5}},"3":{"start":{"line":22,"column":8},"end":{"line":22,"column":25}},"4":{"start":{"line":25,"column":26},"end":{"line":27,"column":5}},"5":{"start":{"line":26,"column":8},"end":{"line":26,"column":27}},"6":{"start":{"line":29,"column":4},"end":{"line":61,"column":6}},"7":{"start":{"line":34,"column":24},"end":{"line":38,"column":36}},"8":{"start":{"line":46,"column":16},"end":{"line":58,"column":17}},"9":{"start":{"line":47,"column":20},"end":{"line":55,"column":22}},"10":{"start":{"line":57,"column":20},"end":{"line":57,"column":31}}},"fnMap":{"0":{"name":"(anonymous_0)","decl":{"start":{"line":8,"column":24},"end":{"line":8,"column":25}},"loc":{"start":{"line":18,"column":6},"end":{"line":62,"column":1}},"line":18},"1":{"name":"(anonymous_1)","decl":{"start":{"line":21,"column":27},"end":{"line":21,"column":28}},"loc":{"start":{"line":21,"column":43},"end":{"line":23,"column":5}},"line":21},"2":{"name":"(anonymous_2)","decl":{"start":{"line":25,"column":26},"end":{"line":25,"column":27}},"loc":{"start":{"line":25,"column":32},"end":{"line":27,"column":5}},"line":25},"3":{"name":"(anonymous_3)","decl":{"start":{"line":33,"column":33},"end":{"line":33,"column":34}},"loc":{"start":{"line":34,"column":24},"end":{"line":38,"column":36}},"line":34},"4":{"name":"(anonymous_4)","decl":{"start":{"line":45,"column":25},"end":{"line":45,"column":26}},"loc":{"start":{"line":45,"column":41},"end":{"line":59,"column":13}},"line":45}},"branchMap":{"0":{"loc":{"start":{"line":31,"column":13},"end":{"line":44,"column":13}},"type":"binary-expr","locations":[{"start":{"line":31,"column":13},"end":{"line":31,"column":23}},{"start":{"line":32,"column":16},"end":{"line":43,"column":19}}],"line":31},"1":{"loc":{"start":{"line":46,"column":16},"end":{"line":58,"column":17}},"type":"if","locations":[{"start":{"line":46,"column":16},"end":{"line":58,"column":17}},{"start":{"line":56,"column":23},"end":{"line":58,"column":17}}],"line":46}},"s":{"0":2,"1":26,"2":26,"3":10,"4":26,"5":0,"6":26,"7":80,"8":130,"9":10,"10":120},"f":{"0":26,"1":10,"2":0,"3":80,"4":130},"b":{"0":[26,16],"1":[10,120]},"_coverageSchema":"1a1c01bbd47fc00a2c39e90264f33305004495a9","hash":"af97eb67e6ba40972d4290cf0b11eae62ede1989"}
,"/Users/abdullahmaruf/Developer/quizzer_start/src/quizzer/QuizQuestion.tsx": {"path":"/Users/abdullahmaruf/Developer/quizzer_start/src/quizzer/QuizQuestion.tsx","statementMap":{"0":{"start":{"line":8,"column":28},"end":{"line":93,"column":1}},"1":{"start":{"line":23,"column":24},"end":{"line":27,"column":5}},"2":{"start":{"line":24,"column":8},"end":{"line":26,"column":9}},"3":{"start":{"line":25,"column":12},"end":{"line":25,"column":57}},"4":{"start":{"line":29,"column":30},"end":{"line":34,"column":5}},"5":{"start":{"line":30,"column":8},"end":{"line":30,"column":28}},"6":{"start":{"line":31,"column":8},"end":{"line":33,"column":9}},"7":{"start":{"line":32,"column":12},"end":{"line":32,"column":39}},"8":{"start":{"line":36,"column":4},"end":{"line":92,"column":6}},"9":{"start":{"line":62,"column":36},"end":{"line":70,"column":38}}},"fnMap":{"0":{"name":"(anonymous_0)","decl":{"start":{"line":8,"column":28},"end":{"line":8,"column":29}},"loc":{"start":{"line":22,"column":6},"end":{"line":93,"column":1}},"line":22},"1":{"name":"(anonymous_1)","decl":{"start":{"line":23,"column":24},"end":{"line":23,"column":25}},"loc":{"start":{"line":23,"column":44},"end":{"line":27,"column":5}},"line":23},"2":{"name":"(anonymous_2)","decl":{"start":{"line":29,"column":30},"end":{"line":29,"column":31}},"loc":{"start":{"line":29,"column":36},"end":{"line":34,"column":5}},"line":29},"3":{"name":"(anonymous_3)","decl":{"start":{"line":61,"column":32},"end":{"line":61,"column":33}},"loc":{"start":{"line":62,"column":36},"end":{"line":70,"column":38}},"line":62}},"branchMap":{"0":{"loc":{"start":{"line":24,"column":8},"end":{"line":26,"column":9}},"type":"if","locations":[{"start":{"line":24,"column":8},"end":{"line":26,"column":9}},{"start":{},"end":{}}],"line":24},"1":{"loc":{"start":{"line":31,"column":8},"end":{"line":33,"column":9}},"type":"if","locations":[{"start":{"line":31,"column":8},"end":{"line":33,"column":9}},{"start":{},"end":{}}],"line":31},"2":{"loc":{"start":{"line":45,"column":45},"end":{"line":45,"column":77}},"type":"cond-expr","locations":[{"start":{"line":45,"column":69},"end":{"line":45,"column":72}},{"start":{"line":45,"column":75},"end":{"line":45,"column":77}}],"line":45},"3":{"loc":{"start":{"line":49,"column":21},"end":{"line":57,"column":21}},"type":"binary-expr","locations":[{"start":{"line":49,"column":21},"end":{"line":49,"column":62}},{"start":{"line":50,"column":24},"end":{"line":56,"column":37}}],"line":49},"4":{"loc":{"start":{"line":58,"column":21},"end":{"line":74,"column":21}},"type":"binary-expr","locations":[{"start":{"line":58,"column":21},"end":{"line":58,"column":65}},{"start":{"line":59,"column":24},"end":{"line":73,"column":30}}],"line":58},"5":{"loc":{"start":{"line":76,"column":39},"end":{"line":76,"column":64}},"type":"cond-expr","locations":[{"start":{"line":76,"column":51},"end":{"line":76,"column":53}},{"start":{"line":76,"column":56},"end":{"line":76,"column":64}}],"line":76},"6":{"loc":{"start":{"line":77,"column":29},"end":{"line":79,"column":37}},"type":"cond-expr","locations":[{"start":{"line":78,"column":34},"end":{"line":78,"column":38}},{"start":{"line":79,"column":34},"end":{"line":79,"column":37}}],"line":77}},"s":{"0":0,"1":0,"2":0,"3":0,"4":0,"5":0,"6":0,"7":0,"8":0,"9":0},"f":{"0":0,"1":0,"2":0,"3":0},"b":{"0":[0,0],"1":[0,0],"2":[0,0],"3":[0,0],"4":[0,0],"5":[0,0],"6":[0,0]}}
,"/Users/abdullahmaruf/Developer/quizzer_start/src/quizzer/QuizView.tsx": {"path":"/Users/abdullahmaruf/Developer/quizzer_start/src/quizzer/QuizView.tsx","statementMap":{"0":{"start":{"line":8,"column":24},"end":{"line":43,"column":1}},"1":{"start":{"line":16,"column":28},"end":{"line":16,"column":43}},"2":{"start":{"line":18,"column":23},"end":{"line":20,"column":5}},"3":{"start":{"line":19,"column":8},"end":{"line":19,"column":23}},"4":{"start":{"line":22,"column":4},"end":{"line":42,"column":6}}},"fnMap":{"0":{"name":"(anonymous_0)","decl":{"start":{"line":8,"column":24},"end":{"line":8,"column":25}},"loc":{"start":{"line":14,"column":14},"end":{"line":43,"column":1}},"line":14},"1":{"name":"(anonymous_1)","decl":{"start":{"line":18,"column":23},"end":{"line":18,"column":24}},"loc":{"start":{"line":18,"column":29},"end":{"line":20,"column":5}},"line":18}},"branchMap":{"0":{"loc":{"start":{"line":24,"column":13},"end":{"line":32,"column":13}},"type":"binary-expr","locations":[{"start":{"line":24,"column":13},"end":{"line":24,"column":17}},{"start":{"line":25,"column":16},"end":{"line":31,"column":28}}],"line":24},"1":{"loc":{"start":{"line":33,"column":13},"end":{"line":40,"column":13}},"type":"binary-expr","locations":[{"start":{"line":33,"column":13},"end":{"line":33,"column":18}},{"start":{"line":34,"column":16},"end":{"line":39,"column":32}}],"line":33}},"s":{"0":2,"1":10,"2":10,"3":0,"4":10},"f":{"0":10,"1":0},"b":{"0":[10,0],"1":[10,10]},"_coverageSchema":"1a1c01bbd47fc00a2c39e90264f33305004495a9","hash":"7cec3a9bd20fc4e0ac737640f06e9eed552f6734"}
,"/Users/abdullahmaruf/Developer/quizzer_start/src/quizzer/Quizzer.tsx": {"path":"/Users/abdullahmaruf/Developer/quizzer_start/src/quizzer/Quizzer.tsx","statementMap":{"0":{"start":{"line":10,"column":16},"end":{"line":21,"column":1}},"1":{"start":{"line":11,"column":21},"end":{"line":20,"column":5}},"2":{"start":{"line":14,"column":30},"end":{"line":18,"column":13}},"3":{"start":{"line":23,"column":23},"end":{"line":108,"column":1}},"4":{"start":{"line":24,"column":34},"end":{"line":24,"column":59}},"5":{"start":{"line":25,"column":44},"end":{"line":25,"column":59}},"6":{"start":{"line":28,"column":8},"end":{"line":30,"column":10}},"7":{"start":{"line":29,"column":44},"end":{"line":29,"column":70}},"8":{"start":{"line":34,"column":8},"end":{"line":34,"column":42}},"9":{"start":{"line":38,"column":8},"end":{"line":38,"column":71}},"10":{"start":{"line":38,"column":56},"end":{"line":38,"column":68}},"11":{"start":{"line":41,"column":28},"end":{"line":41,"column":55}},"12":{"start":{"line":41,"column":34},"end":{"line":41,"column":55}},"13":{"start":{"line":42,"column":29},"end":{"line":42,"column":57}},"14":{"start":{"line":42,"column":35},"end":{"line":42,"column":57}},"15":{"start":{"line":44,"column":4},"end":{"line":107,"column":6}}},"fnMap":{"0":{"name":"(anonymous_0)","decl":{"start":{"line":11,"column":4},"end":{"line":11,"column":5}},"loc":{"start":{"line":11,"column":21},"end":{"line":20,"column":5}},"line":11},"1":{"name":"(anonymous_1)","decl":{"start":{"line":14,"column":12},"end":{"line":14,"column":13}},"loc":{"start":{"line":14,"column":30},"end":{"line":18,"column":13}},"line":14},"2":{"name":"(anonymous_2)","decl":{"start":{"line":23,"column":23},"end":{"line":23,"column":24}},"loc":{"start":{"line":23,"column":29},"end":{"line":108,"column":1}},"line":23},"3":{"name":"editQuiz","decl":{"start":{"line":27,"column":13},"end":{"line":27,"column":21}},"loc":{"start":{"line":27,"column":50},"end":{"line":31,"column":5}},"line":27},"4":{"name":"(anonymous_4)","decl":{"start":{"line":29,"column":24},"end":{"line":29,"column":25}},"loc":{"start":{"line":29,"column":44},"end":{"line":29,"column":70}},"line":29},"5":{"name":"addQuiz","decl":{"start":{"line":33,"column":13},"end":{"line":33,"column":20}},"loc":{"start":{"line":33,"column":50},"end":{"line":35,"column":5}},"line":33},"6":{"name":"deleteQuiz","decl":{"start":{"line":37,"column":13},"end":{"line":37,"column":23}},"loc":{"start":{"line":37,"column":37},"end":{"line":39,"column":5}},"line":37},"7":{"name":"(anonymous_7)","decl":{"start":{"line":38,"column":34},"end":{"line":38,"column":35}},"loc":{"start":{"line":38,"column":56},"end":{"line":38,"column":68}},"line":38},"8":{"name":"(anonymous_8)","decl":{"start":{"line":41,"column":28},"end":{"line":41,"column":29}},"loc":{"start":{"line":41,"column":34},"end":{"line":41,"column":55}},"line":41},"9":{"name":"(anonymous_9)","decl":{"start":{"line":42,"column":29},"end":{"line":42,"column":30}},"loc":{"start":{"line":42,"column":35},"end":{"line":42,"column":57}},"line":42}},"branchMap":{"0":{"loc":{"start":{"line":29,"column":44},"end":{"line":29,"column":70}},"type":"cond-expr","locations":[{"start":{"line":29,"column":59},"end":{"line":29,"column":66}},{"start":{"line":29,"column":69},"end":{"line":29,"column":70}}],"line":29}},"s":{"0":2,"1":10,"2":40,"3":2,"4":17,"5":16,"6":0,"7":0,"8":1,"9":0,"10":0,"11":16,"12":1,"13":16,"14":0,"15":16},"f":{"0":10,"1":40,"2":17,"3":0,"4":0,"5":1,"6":0,"7":0,"8":1,"9":0},"b":{"0":[0,0]},"_coverageSchema":"1a1c01bbd47fc00a2c39e90264f33305004495a9","hash":"65bcde58663b4fd8e6abe32f27aa176054b7ab62"}
}
