TN:
SF:src/App.tsx
FN:7,App
FN:15,(anonymous_1)
FNF:2
FNH:1
FNDA:1,App
FNDA:0,(anonymous_1)
DA:8,1
DA:10,1
DA:16,0
LF:3
LH:2
BRDA:19,0,0,1
BRDA:19,0,1,0
BRDA:22,1,0,1
BRDA:22,1,1,0
BRF:4
BRH:2
end_of_record
TN:
SF:src/interfaces/question.ts
FNF:0
FNH:0
LF:0
LH:0
BRF:0
BRH:0
end_of_record
TN:
SF:src/interfaces/quiz.ts
FNF:0
FNH:0
LF:0
LH:0
BRF:0
BRH:0
end_of_record
TN:
SF:src/quizzer/AddQuizModal.tsx
FN:4,(anonymous_0)
FN:16,(anonymous_1)
FN:34,(anonymous_2)
FN:43,(anonymous_3)
FN:52,(anonymous_4)
FNF:5
FNH:2
FNDA:16,(anonymous_0)
FNDA:1,(anonymous_1)
FNDA:0,(anonymous_2)
FNDA:0,(anonymous_3)
FNDA:0,(anonymous_4)
DA:4,2
DA:13,16
DA:14,16
DA:16,16
DA:17,1
DA:18,0
DA:19,0
DA:20,0
DA:23,16
DA:36,0
DA:45,0
DA:53,0
DA:54,0
DA:55,0
LF:14
LH:6
BRF:0
BRH:0
end_of_record
TN:
SF:src/quizzer/QuestionEdit.tsx
FN:7,(anonymous_0)
FN:23,(anonymous_1)
FN:26,(anonymous_2)
FN:38,(anonymous_3)
FN:43,(anonymous_4)
FN:56,(anonymous_5)
FN:79,(anonymous_6)
FN:112,(anonymous_7)
FN:159,(anonymous_8)
FN:174,(anonymous_9)
FN:193,(anonymous_10)
FN:213,(anonymous_11)
FN:222,(anonymous_12)
FN:238,(anonymous_13)
FN:247,(anonymous_14)
FNF:15
FNH:0
FNDA:0,(anonymous_0)
FNDA:0,(anonymous_1)
FNDA:0,(anonymous_2)
FNDA:0,(anonymous_3)
FNDA:0,(anonymous_4)
FNDA:0,(anonymous_5)
FNDA:0,(anonymous_6)
FNDA:0,(anonymous_7)
FNDA:0,(anonymous_8)
FNDA:0,(anonymous_9)
FNDA:0,(anonymous_10)
FNDA:0,(anonymous_11)
FNDA:0,(anonymous_12)
FNDA:0,(anonymous_13)
FNDA:0,(anonymous_14)
DA:7,2
DA:22,0
DA:23,0
DA:26,0
DA:27,0
DA:29,0
DA:30,0
DA:38,0
DA:39,0
DA:40,0
DA:43,0
DA:47,0
DA:48,0
DA:49,0
DA:56,0
DA:57,0
DA:58,0
DA:59,0
DA:65,0
DA:82,0
DA:115,0
DA:162,0
DA:175,0
DA:196,0
DA:214,0
DA:223,0
DA:239,0
DA:248,0
LF:28
LH:1
BRDA:29,0,0,0
BRDA:29,0,1,0
BRDA:52,1,0,0
BRDA:52,1,1,0
BRDA:101,2,0,0
BRDA:101,2,1,0
BRDA:117,3,0,0
BRDA:117,3,1,0
BRDA:139,4,0,0
BRDA:139,4,1,0
BRDA:154,5,0,0
BRDA:154,5,1,0
BRDA:170,6,0,0
BRDA:170,6,1,0
BRF:14
BRH:0
end_of_record
TN:
SF:src/quizzer/QuizCard.tsx
FN:7,(anonymous_0)
FN:15,(anonymous_1)
FN:24,(anonymous_2)
FNF:3
FNH:3
FNDA:80,(anonymous_0)
FNDA:320,(anonymous_1)
FNDA:10,(anonymous_2)
DA:7,2
DA:14,80
DA:16,320
DA:19,80
DA:25,10
LF:5
LH:5
BRDA:16,0,0,320
BRDA:16,0,1,272
BRDA:32,1,0,80
BRDA:32,1,1,0
BRF:4
BRH:3
end_of_record
TN:
SF:src/quizzer/QuizEdit.tsx
FN:9,(anonymous_0)
FN:19,(anonymous_1)
FN:22,(anonymous_2)
FN:26,(anonymous_3)
FN:29,(anonymous_4)
FN:33,(anonymous_5)
FN:37,(anonymous_6)
FN:41,(anonymous_7)
FN:59,(anonymous_8)
FN:76,(anonymous_9)
FN:91,(anonymous_10)
FN:99,(anonymous_11)
FN:115,(anonymous_12)
FN:141,(anonymous_13)
FN:154,(anonymous_14)
FNF:15
FNH:0
FNDA:0,(anonymous_0)
FNDA:0,(anonymous_1)
FNDA:0,(anonymous_2)
FNDA:0,(anonymous_3)
FNDA:0,(anonymous_4)
FNDA:0,(anonymous_5)
FNDA:0,(anonymous_6)
FNDA:0,(anonymous_7)
FNDA:0,(anonymous_8)
FNDA:0,(anonymous_9)
FNDA:0,(anonymous_10)
FNDA:0,(anonymous_11)
FNDA:0,(anonymous_12)
FNDA:0,(anonymous_13)
FNDA:0,(anonymous_14)
DA:9,2
DA:17,0
DA:19,0
DA:20,0
DA:22,0
DA:26,0
DA:27,0
DA:29,0
DA:33,0
DA:34,0
DA:37,0
DA:38,0
DA:42,0
DA:43,0
DA:44,0
DA:50,0
DA:62,0
DA:79,0
DA:92,0
DA:100,0
DA:116,0
DA:142,0
DA:143,0
DA:155,0
DA:156,0
LF:25
LH:1
BRDA:22,0,0,0
BRDA:22,0,1,0
BRDA:42,1,0,0
BRDA:42,1,1,0
BRDA:43,2,0,0
BRDA:43,2,1,0
BRF:6
BRH:0
end_of_record
TN:
SF:src/quizzer/QuizExpanded.tsx
FN:9,(anonymous_0)
FN:19,(anonymous_1)
FN:22,(anonymous_2)
FN:26,(anonymous_3)
FN:29,(anonymous_4)
FN:33,(anonymous_5)
FN:37,(anonymous_6)
FN:41,(anonymous_7)
FN:59,(anonymous_8)
FN:76,(anonymous_9)
FN:91,(anonymous_10)
FN:99,(anonymous_11)
FN:115,(anonymous_12)
FN:141,(anonymous_13)
FN:154,(anonymous_14)
FNF:15
FNH:0
FNDA:0,(anonymous_0)
FNDA:0,(anonymous_1)
FNDA:0,(anonymous_2)
FNDA:0,(anonymous_3)
FNDA:0,(anonymous_4)
FNDA:0,(anonymous_5)
FNDA:0,(anonymous_6)
FNDA:0,(anonymous_7)
FNDA:0,(anonymous_8)
FNDA:0,(anonymous_9)
FNDA:0,(anonymous_10)
FNDA:0,(anonymous_11)
FNDA:0,(anonymous_12)
FNDA:0,(anonymous_13)
FNDA:0,(anonymous_14)
DA:9,2
DA:17,0
DA:19,0
DA:20,0
DA:22,0
DA:26,0
DA:27,0
DA:29,0
DA:33,0
DA:34,0
DA:37,0
DA:38,0
DA:42,0
DA:43,0
DA:44,0
DA:50,0
DA:62,0
DA:79,0
DA:92,0
DA:100,0
DA:116,0
DA:142,0
DA:143,0
DA:155,0
DA:156,0
LF:25
LH:1
BRDA:22,0,0,0
BRDA:22,0,1,0
BRDA:42,1,0,0
BRDA:42,1,1,0
BRDA:43,2,0,0
BRDA:43,2,1,0
BRF:6
BRH:0
end_of_record
TN:
SF:src/quizzer/QuizList.tsx
FN:8,(anonymous_0)
FN:21,(anonymous_1)
FN:25,(anonymous_2)
FN:33,(anonymous_3)
FN:45,(anonymous_4)
FNF:5
FNH:4
FNDA:26,(anonymous_0)
FNDA:10,(anonymous_1)
FNDA:0,(anonymous_2)
FNDA:80,(anonymous_3)
FNDA:130,(anonymous_4)
DA:8,2
DA:19,26
DA:21,26
DA:22,10
DA:25,26
DA:26,0
DA:29,26
DA:34,80
DA:46,130
DA:47,10
DA:57,120
LF:11
LH:10
BRDA:31,0,0,26
BRDA:31,0,1,16
BRDA:46,1,0,10
BRDA:46,1,1,120
BRF:4
BRH:4
end_of_record
TN:
SF:src/quizzer/QuizQuestion.tsx
FN:8,(anonymous_0)
FN:23,(anonymous_1)
FN:29,(anonymous_2)
FN:61,(anonymous_3)
FNF:4
FNH:0
FNDA:0,(anonymous_0)
FNDA:0,(anonymous_1)
FNDA:0,(anonymous_2)
FNDA:0,(anonymous_3)
DA:8,0
DA:23,0
DA:24,0
DA:25,0
DA:29,0
DA:30,0
DA:31,0
DA:32,0
DA:36,0
DA:62,0
LF:10
LH:0
BRDA:24,0,0,0
BRDA:24,0,1,0
BRDA:31,1,0,0
BRDA:31,1,1,0
BRDA:45,2,0,0
BRDA:45,2,1,0
BRDA:49,3,0,0
BRDA:49,3,1,0
BRDA:58,4,0,0
BRDA:58,4,1,0
BRDA:76,5,0,0
BRDA:76,5,1,0
BRDA:77,6,0,0
BRDA:77,6,1,0
BRF:14
BRH:0
end_of_record
TN:
SF:src/quizzer/QuizView.tsx
FN:8,(anonymous_0)
FN:18,(anonymous_1)
FNF:2
FNH:1
FNDA:10,(anonymous_0)
FNDA:0,(anonymous_1)
DA:8,2
DA:16,10
DA:18,10
DA:19,0
DA:22,10
LF:5
LH:4
BRDA:24,0,0,10
BRDA:24,0,1,0
BRDA:33,1,0,10
BRDA:33,1,1,10
BRF:4
BRH:3
end_of_record
TN:
SF:src/quizzer/Quizzer.tsx
FN:11,(anonymous_0)
FN:14,(anonymous_1)
FN:23,(anonymous_2)
FN:27,editQuiz
FN:29,(anonymous_4)
FN:33,addQuiz
FN:37,deleteQuiz
FN:38,(anonymous_7)
FN:41,(anonymous_8)
FN:42,(anonymous_9)
FNF:10
FNH:5
FNDA:10,(anonymous_0)
FNDA:40,(anonymous_1)
FNDA:17,(anonymous_2)
FNDA:0,editQuiz
FNDA:0,(anonymous_4)
FNDA:1,addQuiz
FNDA:0,deleteQuiz
FNDA:0,(anonymous_7)
FNDA:1,(anonymous_8)
FNDA:0,(anonymous_9)
DA:10,2
DA:11,10
DA:14,40
DA:23,2
DA:24,17
DA:25,16
DA:28,0
DA:29,0
DA:34,1
DA:38,0
DA:41,16
DA:42,16
DA:44,16
LF:13
LH:10
BRDA:29,0,0,0
BRDA:29,0,1,0
BRF:2
BRH:0
end_of_record
